********************************************************************************
DUPLICATOR-LITE PACKAGE-LOG: 10 de November de 2023 13:55
NOTICE: Do NOT post to public sites or forums 
********************************************************************************
VERSION:	1.5.7
WORDPRESS:	6.4.1
PHP INFO:	8.1.12 | SAPI: apache2handler
SERVER:		Apache/2.4.54 (Win64) OpenSSL/1.1.1p PHP/8.1.12 
PHP TIME LIMIT: (0) no time limit imposed 
PHP MAX MEMORY: 4294967296 (512M default) 
MEMORY STACK: 66MB

********************************************************************************
DATABASE:
********************************************************************************
BUILD MODE:   MYSQLDUMP
MYSQLTIMEOUT: 5000
MYSQLDUMP:    Is Supported
SQL CREATED: 20231110_vidazen_f339a0e547319fb55769_20231110135310_database.sql
SQL FILE SIZE: 2.12MB (2223922)
SQL FILE TIME: 2023-11-10 13:55:23
SQL RUNTIME: 8.76 sec.

********************************************************************************
ARCHIVE (ZIP):
********************************************************************************
ARCHIVE DIR:  C:/xampp/htdocs/vida-zen/wordpress
ARCHIVE FILE: 20231110_vidazen_f339a0e547319fb55769_20231110135310_archive.zip
FILTERS: *OFF*
DIRS:
	not set
FILES:
	not set
EXTS:  not set
----------------------------------------
COMPRESSING
SIZE:	152.28MB
STATS:	Dirs 1,345 | Files 7,142
SQL ADDED: 20231110_vidazen_f339a0e547319fb55769_20231110135310_database.sql
ZipArchive Object
(
    [lastId] => 8486
    [status] => 0
    [statusSys] => 0
    [numFiles] => 8487
    [filename] => C:\xampp\htdocs\vida-zen\wordpress\wp-content\backups-dup-lite\tmp\20231110_vidazen_f339a0e547319fb55769_20231110135310_archive.zip
    [comment] => 
)

FILE ADDED TO ZIP: 8486
COMPRESSION RESULT: '1'
COMPRESSED SIZE: 53.23MB
ARCHIVE RUNTIME: 44.11 sec.
MEMORY STACK: 66MB
building installer
ARCHIVE CONSISTENCY TEST: PASS

********************************************************************************
INTEGRITY CHECKS:
********************************************************************************
SQL FILE: 2.12MB
INSTALLER FILE: 73.47KB
ARCHIVE FILE: 55.14MB 
EXPECTED FILE/DIRECTORY COUNT: 8,487
ACTUAL FILE/DIRECTORY COUNT: 8,486
ARCHIVE CONSISTENCY TEST: Pass

********************************************************************************
RECORD ID:[1]
TOTAL PROCESS RUNTIME: 55.25 sec.
PEAK PHP MEMORY USED: 68MB
DONE PROCESSING => 20231110_vidazen 10 de November de 2023 13:56

